22:10:52.437 [main                     ] DEBUG Logger               - Configured Logger
22:10:52.445 [main                     ] DEBUG GameApplication      - Logging settings
Title: Infernal Towers
Version: 0.1
Width: 700
Height: 700
Fullscreen: false
Intro: false
Profiling: false
Single step:false
App Mode: DEVELOPER
Menu Key: ESCAPE
Stage Style: DECORATED
Scene Factory: class com.almasb.fxgl.app.scene.SceneFactory

22:10:53.234 [JavaFX Application Thread] DEBUG FXGLApplication      - Initializing FXGL
22:10:53.237 [JavaFX Application Thread] INFO  Engine               - FXGL-11.17 (16.07.2021 15.53) on WINDOWS (J:17.0.1 FX:16)
22:10:53.237 [JavaFX Application Thread] DEBUG Engine               - JRE Vendor Name: Oracle Corporation
22:10:53.238 [JavaFX Application Thread] DEBUG Engine               - Running on OS: Windows 10 version 10.0
22:10:53.238 [JavaFX Application Thread] DEBUG Engine               - Architecture: amd64
22:10:53.238 [JavaFX Application Thread] INFO  Engine               - Source code and latest versions at: https://github.com/AlmasB/FXGL
22:10:53.238 [JavaFX Application Thread] INFO  Engine               -              Join the FXGL chat at: https://gitter.im/AlmasB/FXGL
22:10:53.426 [JavaFX Application Thread] DEBUG PrimaryStageWindow   - Creating a JavaFX scene
22:10:53.500 [JavaFX Application Thread] DEBUG PrimaryStageWindow   - Target settings size: 700.0 x 700.0
22:10:53.500 [JavaFX Application Thread] DEBUG PrimaryStageWindow   - Scaled scene size:    700.0 x 700.0
22:10:53.501 [JavaFX Application Thread] DEBUG PrimaryStageWindow   - Scaled ratio: (1.0, 1.0)
22:10:53.502 [JavaFX Application Thread] DEBUG PrimaryStageWindow   - Set initial scene to FXGLStartupScene
22:10:53.514 [JavaFX Application Thread] DEBUG PrimaryStageWindow   - Opening main window
22:10:53.676 [JavaFX Application Thread] DEBUG PrimaryStageWindow   - Window border size: (14.4000244140625, 37.5999755859375)
22:10:53.676 [JavaFX Application Thread] DEBUG PrimaryStageWindow   - Scaled size: 700.0 x 700.0
22:10:53.676 [JavaFX Application Thread] DEBUG PrimaryStageWindow   - Scaled ratio: (1.0, 1.0)
22:10:53.677 [JavaFX Application Thread] DEBUG PrimaryStageWindow   - Scene size: 700.0 x 700.0
22:10:53.677 [JavaFX Application Thread] DEBUG PrimaryStageWindow   - Stage size: 714.4000244140625 x 737.5999755859375
22:10:53.689 [FXGL Background Thread 1 ] DEBUG Engine               - Initializing environment variables
22:10:53.783 [FXGL Background Thread 1 ] DEBUG FXGLAssetLoaderServi - User app class for loading assets: class core.game.GuiInfernalTowerGame
22:10:53.783 [FXGL Background Thread 1 ] DEBUG GameApplicationServi - Applying CSS: fxgl_dark.css
22:10:53.784 [FXGL Background Thread 1 ] DEBUG FXGLAssetLoaderServi - Loading from file system: jar:file:/C:/Users/theop/OneDrive/Bureau/Universit%c3%a9/Licence%202/Semestre%204/POA/InfernalTowers/fxgl-11.17-uber.jar!/fxglassets/ui/css/fxgl_dark.css
22:10:53.860 [FXGL Background Thread 1 ] DEBUG GameApplicationServi - Initializing application scenes
22:10:53.933 [FXGL Background Thread 1 ] DEBUG GameWorld            - Game world initialized
22:10:54.052 [FXGL Background Thread 1 ] DEBUG PhysicsWorld         - Physics world initialized: appHeight=700, physics.ppm=50.0
22:10:54.052 [FXGL Background Thread 1 ] DEBUG PhysicsWorld         - Using strategy: BRUTE_FORCE
22:10:54.056 [FXGL Background Thread 1 ] DEBUG GameScene            - Game scene initialized: 700x700
22:10:54.057 [FXGL Background Thread 1 ] DEBUG GameApplicationServi - Application scenes initialized
22:10:54.090 [FXGL Background Thread 1 ] DEBUG SystemBundleService  - Loading FXGL system data
22:10:54.101 [FXGL Background Thread 1 ] DEBUG FileSystemAccess     - Reading from: C:\Users\theop\OneDrive\Bureau\Université\Licence 2\Semestre 4\POA\InfernalTowers\system\fxgl.bundle
22:10:54.113 [FXGL Background Thread 1 ] DEBUG SystemBundleService  - Bundle FXGL: {}
22:10:54.114 [FXGL Background Thread 1 ] DEBUG UpdaterService       - Checking for updates
22:10:54.123 [FXGL Background Thread 4 ] DEBUG FXGLApplication      - Loading fonts
22:10:54.124 [FXGL Background Thread 4 ] DEBUG FXGLAssetLoaderServi - Loading from file system: jar:file:/C:/Users/theop/OneDrive/Bureau/Universit%c3%a9/Licence%202/Semestre%204/POA/InfernalTowers/fxgl-11.17-uber.jar!/fxglassets/ui/fonts/VarelaRound-Regular.ttf
22:10:54.124 [FXGL Background Thread 1 ] DEBUG FXGLApplication      - Loading default localization
22:10:54.126 [FXGL Background Thread 1 ] DEBUG FXGLAssetLoaderServi - Loading from file system: jar:file:/C:/Users/theop/OneDrive/Bureau/Universit%c3%a9/Licence%202/Semestre%204/POA/InfernalTowers/fxgl-11.17-uber.jar!/fxglassets/languages/english.lang
22:10:54.156 [FXGL Background Thread 4 ] DEBUG FXGLAssetLoaderServi - Loading from file system: jar:file:/C:/Users/theop/OneDrive/Bureau/Universit%c3%a9/Licence%202/Semestre%204/POA/InfernalTowers/fxgl-11.17-uber.jar!/fxglassets/ui/fonts/Abel-Regular.ttf
22:10:54.163 [FXGL Background Thread 1 ] INFO  FXGLApplication      - FXGL initialization took: 0.473 sec
22:10:54.170 [FXGL Background Thread 4 ] DEBUG FXGLAssetLoaderServi - Loading from file system: jar:file:/C:/Users/theop/OneDrive/Bureau/Universit%c3%a9/Licence%202/Semestre%204/POA/InfernalTowers/fxgl-11.17-uber.jar!/fxglassets/ui/fonts/lucida_console.ttf
22:10:54.181 [FXGL Background Thread 4 ] DEBUG FXGLAssetLoaderServi - Loading from file system: jar:file:/C:/Users/theop/OneDrive/Bureau/Universit%c3%a9/Licence%202/Semestre%204/POA/InfernalTowers/fxgl-11.17-uber.jar!/fxglassets/ui/fonts/Courier-Prime.ttf
22:10:54.188 [JavaFX Application Thread] DEBUG Input                - Registered new binding: action0 - D
22:10:54.189 [JavaFX Application Thread] DEBUG Input                - Registered new binding: action1 - Z
22:10:54.189 [JavaFX Application Thread] DEBUG Input                - Registered new binding: action2 - Q
22:10:54.190 [JavaFX Application Thread] DEBUG Input                - Registered new binding: action3 - S
22:10:54.192 [JavaFX Application Thread] DEBUG Input                - Registered new binding: action4 - Numpad 0
22:10:54.192 [JavaFX Application Thread] DEBUG Input                - Registered new binding: action5 - Esc
22:10:54.193 [JavaFX Application Thread] DEBUG FXGLAssetLoaderServi - Loading from file system: jar:file:/C:/Users/theop/OneDrive/Bureau/Universit%c3%a9/Licence%202/Semestre%204/POA/InfernalTowers/fxgl-11.17-uber.jar!/fxglassets/textures/fxgl_icon.png
22:10:54.278 [JavaFX Application Thread] DEBUG FXGLAssetLoaderServi - Loading from file system: jar:file:/C:/Users/theop/OneDrive/Bureau/Universit%c3%a9/Licence%202/Semestre%204/POA/InfernalTowers/fxgl-11.17-uber.jar!/fxglassets/textures/fxgl_default_cursor.png
22:10:54.286 [JavaFX Application Thread] DEBUG Input                - Registered new binding: Screenshot - CTRL+8
22:10:54.287 [JavaFX Application Thread] DEBUG Input                - Registered new binding: System info dump - CTRL+9
22:10:54.288 [JavaFX Application Thread] DEBUG Input                - Registered new binding: Restart - CTRL+R
22:10:54.291 [JavaFX Application Thread] DEBUG Input                - Registered new binding: Toggle Debug Camera - CTRL+C
22:10:54.298 [JavaFX Application Thread] DEBUG LoopRunner           - Starting loop
22:10:54.299 [JavaFX Application Thread] DEBUG LoopRunner           - Initializing JavaFX AnimationTimerLoop
22:10:54.304 [JavaFX Application Thread] DEBUG GameApplicationServi - Starting new game
22:10:54.306 [JavaFX Application Thread] DEBUG Input                - Clearing active input actions
22:10:54.331 [JavaFX Application Thread] DEBUG GameApplicationServi - Removing overlay from FXGLStartupScene and adding to FXGLLoadingScene
22:10:54.331 [JavaFX Application Thread] DEBUG PrimaryStageWindow   - FXGLStartupScene -> FXGLLoadingScene
22:10:54.332 [JavaFX Application Thread] DEBUG GameApplicationServi - Clearing previous game
22:10:54.332 [JavaFX Application Thread] DEBUG GameScene            - Clearing game scene
22:10:54.332 [JavaFX Application Thread] DEBUG GameWorld            - Clearing game world
22:10:54.333 [JavaFX Application Thread] DEBUG PhysicsWorld         - Clearing physics world
22:10:54.336 [FXGL Background Thread 4 ] DEBUG FXGLApplication      - Initializing game
22:10:54.338 [FXGL Background Thread 4 ] INFO  FXGLApplication      - Game initialization took: 0.002 sec
22:10:54.339 [JavaFX Application Thread] DEBUG FXGLApplication      - Registering font factories with UI factory
22:10:54.444 [JavaFX Application Thread] DEBUG Input                - Clearing active input actions
22:10:54.456 [JavaFX Application Thread] DEBUG GameApplicationServi - Removing overlay from FXGLLoadingScene and adding to GameScene
22:10:54.457 [JavaFX Application Thread] DEBUG PrimaryStageWindow   - FXGLLoadingScene -> GameScene
22:10:54.748 [FXGL Background Thread 2 ] INFO  UpdaterService       - Your current version:  11.17
22:10:54.748 [FXGL Background Thread 2 ] INFO  UpdaterService       - Latest stable version: 21.1
22:10:57.122 [FXGL Background Thread 3 ] DEBUG Engine               - Logging environment variables
22:10:57.122 [FXGL Background Thread 3 ] DEBUG Engine               - achievements: []
22:10:57.122 [FXGL Background Thread 3 ] DEBUG Engine               - actualHeight: 700.0
22:10:57.123 [FXGL Background Thread 3 ] DEBUG Engine               - actualHeightProperty: ReadOnlyDoubleProperty [value: 700.0]
22:10:57.123 [FXGL Background Thread 3 ] DEBUG Engine               - actualWidth: 700.0
22:10:57.123 [FXGL Background Thread 3 ] DEBUG Engine               - actualWidthProperty: ReadOnlyDoubleProperty [value: 700.0]
22:10:57.123 [FXGL Background Thread 3 ] DEBUG Engine               - appIcon: fxgl_icon.png
22:10:57.123 [FXGL Background Thread 3 ] DEBUG Engine               - applicationMode: DEVELOPER
22:10:57.123 [FXGL Background Thread 3 ] DEBUG Engine               - cSSList: [fxgl_dark.css]
22:10:57.124 [FXGL Background Thread 3 ] DEBUG Engine               - collisionDetectionStrategy: BRUTE_FORCE
22:10:57.124 [FXGL Background Thread 3 ] DEBUG Engine               - configClass: Optional.empty
22:10:57.124 [FXGL Background Thread 3 ] DEBUG Engine               - credits: []
22:10:57.124 [FXGL Background Thread 3 ] DEBUG Engine               - defaultCursor: CursorInfo(imageName=fxgl_default_cursor.png, hotspotX=7.0, hotspotY=6.0)
22:10:57.125 [FXGL Background Thread 3 ] DEBUG Engine               - devBBoxColorProperty: ObjectProperty [value: 0xff0000ff]
22:10:57.125 [FXGL Background Thread 3 ] DEBUG Engine               - devEnableDebugCameraProperty: BooleanProperty [value: false]
22:10:57.126 [FXGL Background Thread 3 ] DEBUG Engine               - devSensorColorProperty: ObjectProperty [value: 0xffff00ff]
22:10:57.126 [FXGL Background Thread 3 ] DEBUG Engine               - devShowBBoxProperty: BooleanProperty [value: false]
22:10:57.126 [FXGL Background Thread 3 ] DEBUG Engine               - devShowPositionProperty: BooleanProperty [value: false]
22:10:57.127 [FXGL Background Thread 3 ] DEBUG Engine               - enabledMenuItems: []
22:10:57.127 [FXGL Background Thread 3 ] DEBUG Engine               - engineServices: [class com.almasb.fxgl.app.services.FXGLAssetLoaderService, class com.almasb.fxgl.app.FXGLApplication$GameApplicationService, class com.almasb.fxgl.app.services.FXGLDialogService, class com.almasb.fxgl.app.services.IOTaskExecutorService, class com.almasb.fxgl.io.FileSystemService, class com.almasb.fxgl.localization.LocalizationService, class com.almasb.fxgl.app.services.SystemBundleService, class com.almasb.fxgl.profile.SaveLoadService, class com.almasb.fxgl.ui.FXGLUIFactoryServiceProvider, class com.almasb.fxgl.ui.FXGLDialogFactoryServiceProvider, class com.almasb.fxgl.audio.AudioPlayer, class com.almasb.fxgl.notification.impl.NotificationServiceProvider, class com.almasb.fxgl.achievement.AchievementService, class com.almasb.fxgl.cutscene.CutsceneService, class com.almasb.fxgl.minigames.MiniGameService, class com.almasb.fxgl.net.NetService, class com.almasb.fxgl.app.services.UpdaterService, class com.almasb.fxgl.dev.DevService]
22:10:57.127 [FXGL Background Thread 3 ] DEBUG Engine               - fontGame: Abel-Regular.ttf
22:10:57.127 [FXGL Background Thread 3 ] DEBUG Engine               - fontMono: lucida_console.ttf
22:10:57.127 [FXGL Background Thread 3 ] DEBUG Engine               - fontText: Courier-Prime.ttf
22:10:57.127 [FXGL Background Thread 3 ] DEBUG Engine               - fontUI: VarelaRound-Regular.ttf
22:10:57.128 [FXGL Background Thread 3 ] DEBUG Engine               - fullScreen: BooleanProperty [value: false]
22:10:57.128 [FXGL Background Thread 3 ] DEBUG Engine               - gameDifficulty: MEDIUM
22:10:57.128 [FXGL Background Thread 3 ] DEBUG Engine               - gameDifficultyProperty: ObjectProperty [value: MEDIUM]
22:10:57.128 [FXGL Background Thread 3 ] DEBUG Engine               - globalMusicVolume: 0.5
22:10:57.128 [FXGL Background Thread 3 ] DEBUG Engine               - globalMusicVolumeProperty: DoubleProperty [value: 0.5]
22:10:57.128 [FXGL Background Thread 3 ] DEBUG Engine               - globalSoundVolume: 0.5
22:10:57.129 [FXGL Background Thread 3 ] DEBUG Engine               - globalSoundVolumeProperty: DoubleProperty [value: 0.5]
22:10:57.129 [FXGL Background Thread 3 ] DEBUG Engine               - height: 700
22:10:57.129 [FXGL Background Thread 3 ] DEBUG Engine               - is3D: false
22:10:57.129 [FXGL Background Thread 3 ] DEBUG Engine               - isAndroid: false
22:10:57.129 [FXGL Background Thread 3 ] DEBUG Engine               - isBrowser: false
22:10:57.129 [FXGL Background Thread 3 ] DEBUG Engine               - isClickFeedbackEnabled: false
22:10:57.129 [FXGL Background Thread 3 ] DEBUG Engine               - isCloseConfirmation: false
22:10:57.129 [FXGL Background Thread 3 ] DEBUG Engine               - isDesktop: true
22:10:57.130 [FXGL Background Thread 3 ] DEBUG Engine               - isDeveloperMenuEnabled: false
22:10:57.130 [FXGL Background Thread 3 ] DEBUG Engine               - isEntityPreloadEnabled: true
22:10:57.130 [FXGL Background Thread 3 ] DEBUG Engine               - isExperimentalTiledLargeMap: false
22:10:57.130 [FXGL Background Thread 3 ] DEBUG Engine               - isFileSystemWriteAllowed: true
22:10:57.130 [FXGL Background Thread 3 ] DEBUG Engine               - isFullScreenAllowed: false
22:10:57.130 [FXGL Background Thread 3 ] DEBUG Engine               - isFullScreenFromStart: false
22:10:57.130 [FXGL Background Thread 3 ] DEBUG Engine               - isGameMenuEnabled: false
22:10:57.130 [FXGL Background Thread 3 ] DEBUG Engine               - isIOS: false
22:10:57.131 [FXGL Background Thread 3 ] DEBUG Engine               - isIntroEnabled: false
22:10:57.131 [FXGL Background Thread 3 ] DEBUG Engine               - isLinux: false
22:10:57.131 [FXGL Background Thread 3 ] DEBUG Engine               - isMac: false
22:10:57.131 [FXGL Background Thread 3 ] DEBUG Engine               - isMainMenuEnabled: false
22:10:57.131 [FXGL Background Thread 3 ] DEBUG Engine               - isManualResizeEnabled: false
22:10:57.132 [FXGL Background Thread 3 ] DEBUG Engine               - isMobile: false
22:10:57.132 [FXGL Background Thread 3 ] DEBUG Engine               - isNative: false
22:10:57.132 [FXGL Background Thread 3 ] DEBUG Engine               - isPauseMusicWhenMinimized: true
22:10:57.132 [FXGL Background Thread 3 ] DEBUG Engine               - isPreserveResizeRatio: false
22:10:57.132 [FXGL Background Thread 3 ] DEBUG Engine               - isProfilingEnabled: false
22:10:57.132 [FXGL Background Thread 3 ] DEBUG Engine               - isScaleAffectedOnResize: true
22:10:57.132 [FXGL Background Thread 3 ] DEBUG Engine               - isSingleStep: false
22:10:57.133 [FXGL Background Thread 3 ] DEBUG Engine               - isUserProfileEnabled: false
22:10:57.133 [FXGL Background Thread 3 ] DEBUG Engine               - isWindows: true
22:10:57.133 [FXGL Background Thread 3 ] DEBUG Engine               - language: ObjectProperty [value: ENGLISH]
22:10:57.133 [FXGL Background Thread 3 ] DEBUG Engine               - menuKey: ESCAPE
22:10:57.133 [FXGL Background Thread 3 ] DEBUG Engine               - mouseSensitivity: 0.2
22:10:57.133 [FXGL Background Thread 3 ] DEBUG Engine               - notificationViewClass: class com.almasb.fxgl.notification.view.XboxNotificationView
22:10:57.133 [FXGL Background Thread 3 ] DEBUG Engine               - pixelsPerMeter: 50.0
22:10:57.133 [FXGL Background Thread 3 ] DEBUG Engine               - platform: WINDOWS
22:10:57.134 [FXGL Background Thread 3 ] DEBUG Engine               - prefHeightProperty: ReadOnlyDoubleProperty [value: 700.0]
22:10:57.134 [FXGL Background Thread 3 ] DEBUG Engine               - prefWidthProperty: ReadOnlyDoubleProperty [value: 700.0]
22:10:57.134 [FXGL Background Thread 3 ] DEBUG Engine               - profileDir: profiles/
22:10:57.134 [FXGL Background Thread 3 ] DEBUG Engine               - profileName: StringProperty [value: DEFAULT]
22:10:57.134 [FXGL Background Thread 3 ] DEBUG Engine               - randomSeed: -1
22:10:57.134 [FXGL Background Thread 3 ] DEBUG Engine               - runtimeInfo: RuntimeInfo(platform=WINDOWS, version=11.17, build=16.07.2021 15.53)
22:10:57.134 [FXGL Background Thread 3 ] DEBUG Engine               - saveFileExt: sav
22:10:57.134 [FXGL Background Thread 3 ] DEBUG Engine               - scaledHeightProp$fxgl: DoubleProperty [bound, value: 700.0]
22:10:57.135 [FXGL Background Thread 3 ] DEBUG Engine               - scaledWidthProp$fxgl: DoubleProperty [bound, value: 700.0]
22:10:57.135 [FXGL Background Thread 3 ] DEBUG Engine               - sceneFactory: com.almasb.fxgl.app.scene.SceneFactory@50c145ec
22:10:57.135 [FXGL Background Thread 3 ] DEBUG Engine               - secondsIn24h: 60
22:10:57.135 [FXGL Background Thread 3 ] DEBUG Engine               - soundMenuBack: menu/back.wav
22:10:57.135 [FXGL Background Thread 3 ] DEBUG Engine               - soundMenuPress: menu/press.wav
22:10:57.136 [FXGL Background Thread 3 ] DEBUG Engine               - soundMenuSelect: menu/select.wav
22:10:57.136 [FXGL Background Thread 3 ] DEBUG Engine               - soundNotification: core/notification.wav
22:10:57.136 [FXGL Background Thread 3 ] DEBUG Engine               - stageStyle: DECORATED
22:10:57.136 [FXGL Background Thread 3 ] DEBUG Engine               - supportedLanguages: [ENGLISH, FRENCH, GERMAN, HUNGARIAN, RUSSIAN]
22:10:57.136 [FXGL Background Thread 3 ] DEBUG Engine               - ticksPerSecond: -1
22:10:57.136 [FXGL Background Thread 3 ] DEBUG Engine               - title: Infernal Towers
22:10:57.136 [FXGL Background Thread 3 ] DEBUG Engine               - urlGithub: https://github.com/AlmasB/FXGL
22:10:57.136 [FXGL Background Thread 3 ] DEBUG Engine               - urlLeaderboard: http://fxgl-top.herokuapp.com/
22:10:57.136 [FXGL Background Thread 3 ] DEBUG Engine               - urlPOM: https://raw.githubusercontent.com/AlmasB/FXGL/release/README.md
22:10:57.136 [FXGL Background Thread 3 ] DEBUG Engine               - userAppClass: class core.game.GuiInfernalTowerGame
22:10:57.137 [FXGL Background Thread 3 ] DEBUG Engine               - version: 0.1
22:10:57.137 [FXGL Background Thread 3 ] DEBUG Engine               - versionCheckDays: 7
22:10:57.137 [FXGL Background Thread 3 ] DEBUG Engine               - width: 700
22:10:57.137 [FXGL Background Thread 3 ] DEBUG Engine               - Logging services
22:10:57.137 [FXGL Background Thread 3 ] DEBUG Engine               - class com.almasb.fxgl.app.services.FXGLAssetLoaderService
22:10:57.138 [FXGL Background Thread 3 ] DEBUG Engine               - class com.almasb.fxgl.app.FXGLApplication$GameApplicationService
22:10:57.138 [FXGL Background Thread 3 ] DEBUG Engine               - class com.almasb.fxgl.app.services.FXGLDialogService
22:10:57.138 [FXGL Background Thread 3 ] DEBUG Engine               - class com.almasb.fxgl.app.services.IOTaskExecutorService
22:10:57.138 [FXGL Background Thread 3 ] DEBUG Engine               - class com.almasb.fxgl.io.FileSystemService
22:10:57.138 [FXGL Background Thread 3 ] DEBUG Engine               - class com.almasb.fxgl.localization.LocalizationService
22:10:57.138 [FXGL Background Thread 3 ] DEBUG Engine               - class com.almasb.fxgl.app.services.SystemBundleService
22:10:57.139 [FXGL Background Thread 3 ] DEBUG Engine               - class com.almasb.fxgl.profile.SaveLoadService
22:10:57.139 [FXGL Background Thread 3 ] DEBUG Engine               - class com.almasb.fxgl.ui.FXGLUIFactoryServiceProvider
22:10:57.139 [FXGL Background Thread 3 ] DEBUG Engine               - class com.almasb.fxgl.ui.FXGLDialogFactoryServiceProvider
22:10:57.139 [FXGL Background Thread 3 ] DEBUG Engine               - class com.almasb.fxgl.audio.AudioPlayer
22:10:57.139 [FXGL Background Thread 3 ] DEBUG Engine               - class com.almasb.fxgl.notification.impl.NotificationServiceProvider
22:10:57.139 [FXGL Background Thread 3 ] DEBUG Engine               - class com.almasb.fxgl.achievement.AchievementService
22:10:57.140 [FXGL Background Thread 3 ] DEBUG Engine               - class com.almasb.fxgl.cutscene.CutsceneService
22:10:57.140 [FXGL Background Thread 3 ] DEBUG Engine               - class com.almasb.fxgl.minigames.MiniGameService
22:10:57.140 [FXGL Background Thread 3 ] DEBUG Engine               - class com.almasb.fxgl.net.NetService
22:10:57.140 [FXGL Background Thread 3 ] DEBUG Engine               - class com.almasb.fxgl.app.services.UpdaterService
22:10:57.140 [FXGL Background Thread 3 ] DEBUG Engine               - class com.almasb.fxgl.dev.DevService
22:11:00.130 [JavaFX Application Thread] DEBUG FXGLApplication      - Exiting FXGL
22:11:00.130 [JavaFX Application Thread] DEBUG LoopRunner           - Stopping loop
22:11:00.130 [JavaFX Application Thread] DEBUG SystemBundleService  - Saving FXGL system data
22:11:00.132 [JavaFX Application Thread] DEBUG FileSystemAccess     - Writing to: C:\Users\theop\OneDrive\Bureau\Université\Licence 2\Semestre 4\POA\InfernalTowers\system\fxgl.bundle
22:11:00.134 [JavaFX Application Thread] DEBUG Async                - Shutting down background threads
22:11:00.134 [JavaFX Application Thread] DEBUG PrimaryStageWindow   - Closing main window
22:11:00.175 [JavaFX Application Thread] DEBUG Logger               - Closing Logger
